<?xml version="1.0" encoding="UTF-8"?>
<!-- Generated by org.testng.reporters.JUnitReportReporter -->
<testsuite hostname="CC-LT001048" failures="0" tests="4" name="tests.TestingApi" time="4.182" errors="0" timestamp="2024-02-13T17:49:02 IST" skipped="0">
  <testcase classname="tests.TestingApi" name="testCreateRepository" time="2.400"/>
  <system-out/>
  <testcase classname="tests.TestingApi" name="testGetUserRepositories" time="0.469"/>
  <system-out/>
  <testcase classname="tests.TestingApi" name="testUpdateRepository" time="0.698"/>
  <system-out/>
  <testcase classname="tests.TestingApi" name="testDeleteRepository" time="0.615"/>
  <system-out/>
</testsuite> <!-- tests.TestingApi -->
