<?xml version="1.0" encoding="UTF-8"?>
<!-- Generated by org.testng.reporters.JUnitReportReporter -->
<testsuite hostname="CC-LT001048" failures="0" tests="4" name="tests.APITest" time="6.062" errors="0" timestamp="2024-02-15T13:52:29 IST" skipped="0">
  <testcase classname="tests.APITest" name="testCreateRepository" time="3.469"/>
  <system-out/>
  <testcase classname="tests.APITest" name="testGetUserRepositories" time="0.527"/>
  <system-out/>
  <testcase classname="tests.APITest" name="testUpdateRepository" time="0.838"/>
  <system-out/>
  <testcase classname="tests.APITest" name="testDeleteRepository" time="1.228"/>
  <system-out/>
</testsuite> <!-- tests.APITest -->
